#
# There is insufficient memory for the Java Runtime Environment to continue.
# Native memory allocation (malloc) failed to allocate 1689536 bytes for Chunk::new
# Possible reasons:
#   The system is out of physical RAM or swap space
#   In 32 bit mode, the process size limit was hit
# Possible solutions:
#   Reduce memory load on the system
#   Increase physical memory or swap space
#   Check if swap backing store is full
#   Use 64 bit Java on a 64 bit OS
#   Decrease Java heap size (-Xmx/-Xms)
#   Decrease number of Java threads
#   Decrease Java thread stack sizes (-Xss)
#   Set larger code cache with -XX:ReservedCodeCacheSize=
# This output file may be truncated or incomplete.
#
#  Out of Memory Error (allocation.cpp:390), pid=1836, tid=14796
#
# JRE version: Java(TM) SE Runtime Environment (8.0_60-b27) (build 1.8.0_60-b27)
# Java VM: Java HotSpot(TM) 64-Bit Server VM (25.60-b23 mixed mode windows-amd64 compressed oops)
# Failed to write core dump. Minidumps are not enabled by default on client versions of Windows
#

---------------  T H R E A D  ---------------

Current thread (0x000000001a1e3800):  JavaThread "C2 CompilerThread2" daemon [_thread_in_native, id=14796, stack(0x000000001a950000,0x000000001aa50000)]

Stack: [0x000000001a950000,0x000000001aa50000]
[error occurred during error reporting (printing stack bounds), id 0xc0000005]

Native frames: (J=compiled Java code, j=interpreted, Vv=VM code, C=native code)


Current CompileTask:
C2:   5779 3944   !   4       java.net.URLClassLoader$1::run (63 bytes)


---------------  P R O C E S S  ---------------

Java Threads: ( => current thread )
  0x000000001a1ec000 JavaThread "Thread-5" [_thread_in_native, id=18920, stack(0x000000001fe30000,0x000000001ff30000)]
  0x000000001bec8800 JavaThread "Thread-4" [_thread_in_native, id=19900, stack(0x000000001fd30000,0x000000001fe30000)]
  0x000000001d973000 JavaThread "Thread-3" [_thread_blocked, id=13684, stack(0x000000001fc30000,0x000000001fd30000)]
  0x000000001bedd000 JavaThread "ThreadedStreamConsumer" daemon [_thread_blocked, id=18368, stack(0x000000001fa30000,0x000000001fb30000)]
  0x000000001c556800 JavaThread "ping-timer-10s" daemon [_thread_blocked, id=16252, stack(0x000000001f530000,0x000000001f630000)]
  0x000000001d716000 JavaThread "timeout-check-timer" daemon [_thread_blocked, id=18984, stack(0x000000001f430000,0x000000001f530000)]
  0x000000001c626800 JavaThread "resolver-5" daemon [_thread_blocked, id=484, stack(0x000000001f730000,0x000000001f830000)]
  0x000000001bee6000 JavaThread "resolver-4" daemon [_thread_blocked, id=17608, stack(0x000000001f630000,0x000000001f730000)]
  0x000000001d5c4000 JavaThread "resolver-3" daemon [_thread_blocked, id=8568, stack(0x000000001f330000,0x000000001f430000)]
  0x000000001bd89000 JavaThread "resolver-2" daemon [_thread_blocked, id=18420, stack(0x000000001ed50000,0x000000001ee50000)]
  0x000000001ba54000 JavaThread "resolver-1" daemon [_thread_blocked, id=6276, stack(0x000000001dc00000,0x000000001dd00000)]
  0x000000001a296000 JavaThread "Service Thread" daemon [_thread_blocked, id=8468, stack(0x000000001ab50000,0x000000001ac50000)]
  0x000000001a1eb000 JavaThread "C1 CompilerThread3" daemon [_thread_blocked, id=12496, stack(0x000000001aa50000,0x000000001ab50000)]
=>0x000000001a1e3800 JavaThread "C2 CompilerThread2" daemon [_thread_in_native, id=14796, stack(0x000000001a950000,0x000000001aa50000)]
  0x000000001a1de800 JavaThread "C2 CompilerThread1" daemon [_thread_in_native, id=20504, stack(0x000000001a850000,0x000000001a950000)]
  0x000000001a1d7800 JavaThread "C2 CompilerThread0" daemon [_thread_in_native, id=17888, stack(0x000000001a750000,0x000000001a850000)]
  0x000000001a1d5000 JavaThread "Attach Listener" daemon [_thread_blocked, id=15080, stack(0x000000001a650000,0x000000001a750000)]
  0x000000001a1d4800 JavaThread "Signal Dispatcher" daemon [_thread_blocked, id=17448, stack(0x000000001a550000,0x000000001a650000)]
  0x000000000320a000 JavaThread "Finalizer" daemon [_thread_blocked, id=15240, stack(0x0000000019ff0000,0x000000001a0f0000)]
  0x000000001811d800 JavaThread "Reference Handler" daemon [_thread_blocked, id=17220, stack(0x0000000019ef0000,0x0000000019ff0000)]
  0x0000000002cbd800 JavaThread "main" [_thread_in_native, id=21412, stack(0x0000000003010000,0x0000000003110000)]

Other Threads:
  0x0000000018119800 VMThread [stack: 0x0000000019df0000,0x0000000019ef0000] [id=8924]
  0x000000001a2c9000 WatcherThread [stack: 0x000000001ac50000,0x000000001ad50000] [id=18484]

VM state:not at safepoint (normal execution)

VM Mutex/Monitor currently owned by a thread: None

Heap:
 PSYoungGen      total 143360K, used 77010K [0x00000000d6180000, 0x00000000e8480000, 0x0000000100000000)
  eden space 130048K, 49% used [0x00000000d6180000,0x00000000d9fbc800,0x00000000de080000)
  from space 13312K, 99% used [0x00000000de080000,0x00000000ded78020,0x00000000ded80000)
  to   space 18944K, 0% used [0x00000000e7200000,0x00000000e7200000,0x00000000e8480000)
 ParOldGen       total 86016K, used 22373K [0x0000000082400000, 0x0000000087800000, 0x00000000d6180000)
  object space 86016K, 26% used [0x0000000082400000,0x00000000839d9588,0x0000000087800000)
 Metaspace       used 19561K, capacity 20150K, committed 20352K, reserved 1067008K
  class space    used 2216K, capacity 2396K, committed 2432K, reserved 1048576K

Card table byte_map: [0x00000000125d0000,0x00000000129c0000] byte_map_base: 0x00000000121be000

Marking Bits: (ParMarkBitMap*) 0x000000005229a5b0
 Begin Bits: [0x0000000013460000, 0x00000000153d0000)
 End Bits:   [0x00000000153d0000, 0x0000000017340000)

Polling page: 0x0000000001620000

CodeCache: size=245760Kb used=12259Kb max_used=14449Kb free=233500Kb
 bounds [0x0000000003210000, 0x0000000004040000, 0x0000000012210000]
 total_blobs=3882 nmethods=3463 adapters=331
 compilation: enabled

Compilation events (10 events):
Event: 5.679 Thread 0x000000001a1e3800 nmethod 4037 0x0000000003880cd0 code [0x0000000003880e20, 0x0000000003881098]
Event: 5.679 Thread 0x000000001a1e3800 4035       4       java.io.DataInputStream::readChar (40 bytes)
Event: 5.687 Thread 0x000000001a1e3800 nmethod 4035 0x000000000340e5d0 code [0x000000000340e760, 0x000000000340f4d8]
Event: 5.687 Thread 0x000000001a1e3800 4066       4       java.util.zip.Deflater::ensureOpen (47 bytes)
Event: 5.687 Thread 0x000000001a1e3800 nmethod 4066 0x0000000003945d10 code [0x0000000003945e40, 0x0000000003945ed8]
Event: 5.687 Thread 0x000000001a1e3800 4064       4       java.util.zip.DeflaterOutputStream::deflate (36 bytes)
Event: 5.690 Thread 0x000000001a1e3800 nmethod 4064 0x0000000003628e90 code [0x0000000003629000, 0x0000000003629498]
Event: 5.690 Thread 0x000000001a1e3800 4065   !   4       java.util.zip.Deflater::deflate (140 bytes)
Event: 5.694 Thread 0x000000001a1e3800 nmethod 4065 0x00000000033f9610 code [0x00000000033f9760, 0x00000000033f9c68]
Event: 5.694 Thread 0x000000001a1e3800 3944   !   4       java.net.URLClassLoader$1::run (63 bytes)

GC Heap History (10 events):
Event: 2.599 GC heap before
{Heap before GC invocations=3 (full 0):
 PSYoungGen      total 37888K, used 37879K [0x00000000d6180000, 0x00000000dab80000, 0x0000000100000000)
  eden space 32768K, 100% used [0x00000000d6180000,0x00000000d8180000,0x00000000d8180000)
  from space 5120K, 99% used [0x00000000d8680000,0x00000000d8b7dd30,0x00000000d8b80000)
  to   space 5120K, 0% used [0x00000000d8180000,0x00000000d8180000,0x00000000d8680000)
 ParOldGen       total 86016K, used 1940K [0x0000000082400000, 0x0000000087800000, 0x00000000d6180000)
  object space 86016K, 2% used [0x0000000082400000,0x00000000825e5360,0x0000000087800000)
 Metaspace       used 14728K, capacity 14938K, committed 15232K, reserved 1062912K
  class space    used 1821K, capacity 1913K, committed 1920K, reserved 1048576K
Event: 2.606 GC heap after
Heap after GC invocations=3 (full 0):
 PSYoungGen      total 37888K, used 5096K [0x00000000d6180000, 0x00000000dab80000, 0x0000000100000000)
  eden space 32768K, 0% used [0x00000000d6180000,0x00000000d6180000,0x00000000d8180000)
  from space 5120K, 99% used [0x00000000d8180000,0x00000000d867a040,0x00000000d8680000)
  to   space 5120K, 0% used [0x00000000da680000,0x00000000da680000,0x00000000dab80000)
 ParOldGen       total 86016K, used 5272K [0x0000000082400000, 0x0000000087800000, 0x00000000d6180000)
  object space 86016K, 6% used [0x0000000082400000,0x0000000082926130,0x0000000087800000)
 Metaspace       used 14728K, capacity 14938K, committed 15232K, reserved 1062912K
  class space    used 1821K, capacity 1913K, committed 1920K, reserved 1048576K
}
Event: 2.811 GC heap before
{Heap before GC invocations=4 (full 0):
 PSYoungGen      total 37888K, used 37864K [0x00000000d6180000, 0x00000000dab80000, 0x0000000100000000)
  eden space 32768K, 100% used [0x00000000d6180000,0x00000000d8180000,0x00000000d8180000)
  from space 5120K, 99% used [0x00000000d8180000,0x00000000d867a040,0x00000000d8680000)
  to   space 5120K, 0% used [0x00000000da680000,0x00000000da680000,0x00000000dab80000)
 ParOldGen       total 86016K, used 5272K [0x0000000082400000, 0x0000000087800000, 0x00000000d6180000)
  object space 86016K, 6% used [0x0000000082400000,0x0000000082926130,0x0000000087800000)
 Metaspace       used 15079K, capacity 15354K, committed 15616K, reserved 1062912K
  class space    used 1838K, capacity 1945K, committed 2048K, reserved 1048576K
Event: 2.820 GC heap after
Heap after GC invocations=4 (full 0):
 PSYoungGen      total 70656K, used 5096K [0x00000000d6180000, 0x00000000dab80000, 0x0000000100000000)
  eden space 65536K, 0% used [0x00000000d6180000,0x00000000d6180000,0x00000000da180000)
  from space 5120K, 99% used [0x00000000da680000,0x00000000dab7a020,0x00000000dab80000)
  to   space 5120K, 0% used [0x00000000da180000,0x00000000da180000,0x00000000da680000)
 ParOldGen       total 86016K, used 8192K [0x0000000082400000, 0x0000000087800000, 0x00000000d6180000)
  object space 86016K, 9% used [0x0000000082400000,0x0000000082c00300,0x0000000087800000)
 Metaspace       used 15079K, capacity 15354K, committed 15616K, reserved 1062912K
  class space    used 1838K, capacity 1945K, committed 2048K, reserved 1048576K
}
Event: 3.347 GC heap before
{Heap before GC invocations=5 (full 0):
 PSYoungGen      total 70656K, used 70632K [0x00000000d6180000, 0x00000000dab80000, 0x0000000100000000)
  eden space 65536K, 100% used [0x00000000d6180000,0x00000000da180000,0x00000000da180000)
  from space 5120K, 99% used [0x00000000da680000,0x00000000dab7a020,0x00000000dab80000)
  to   space 5120K, 0% used [0x00000000da180000,0x00000000da180000,0x00000000da680000)
 ParOldGen       total 86016K, used 8192K [0x0000000082400000, 0x0000000087800000, 0x00000000d6180000)
  object space 86016K, 9% used [0x0000000082400000,0x0000000082c00300,0x0000000087800000)
 Metaspace       used 15452K, capacity 15754K, committed 15872K, reserved 1062912K
  class space    used 1864K, capacity 1985K, committed 2048K, reserved 1048576K
Event: 3.363 GC heap after
Heap after GC invocations=5 (full 0):
 PSYoungGen      total 70656K, used 5096K [0x00000000d6180000, 0x00000000df980000, 0x0000000100000000)
  eden space 65536K, 0% used [0x00000000d6180000,0x00000000d6180000,0x00000000da180000)
  from space 5120K, 99% used [0x00000000da180000,0x00000000da67a020,0x00000000da680000)
  to   space 12288K, 0% used [0x00000000ded80000,0x00000000ded80000,0x00000000df980000)
 ParOldGen       total 86016K, used 14339K [0x0000000082400000, 0x0000000087800000, 0x00000000d6180000)
  object space 86016K, 16% used [0x0000000082400000,0x0000000083200e20,0x0000000087800000)
 Metaspace       used 15452K, capacity 15754K, committed 15872K, reserved 1062912K
  class space    used 1864K, capacity 1985K, committed 2048K, reserved 1048576K
}
Event: 3.874 GC heap before
{Heap before GC invocations=6 (full 0):
 PSYoungGen      total 70656K, used 70632K [0x00000000d6180000, 0x00000000df980000, 0x0000000100000000)
  eden space 65536K, 100% used [0x00000000d6180000,0x00000000da180000,0x00000000da180000)
  from space 5120K, 99% used [0x00000000da180000,0x00000000da67a020,0x00000000da680000)
  to   space 12288K, 0% used [0x00000000ded80000,0x00000000ded80000,0x00000000df980000)
 ParOldGen       total 86016K, used 14339K [0x0000000082400000, 0x0000000087800000, 0x00000000d6180000)
  object space 86016K, 16% used [0x0000000082400000,0x0000000083200e20,0x0000000087800000)
 Metaspace       used 15899K, capacity 16232K, committed 16384K, reserved 1062912K
  class space    used 1869K, capacity 1990K, committed 2048K, reserved 1048576K
Event: 3.889 GC heap after
Heap after GC invocations=6 (full 0):
 PSYoungGen      total 142336K, used 11144K [0x00000000d6180000, 0x00000000dfb80000, 0x0000000100000000)
  eden space 130048K, 0% used [0x00000000d6180000,0x00000000d6180000,0x00000000de080000)
  from space 12288K, 90% used [0x00000000ded80000,0x00000000df862040,0x00000000df980000)
  to   space 13312K, 0% used [0x00000000de080000,0x00000000de080000,0x00000000ded80000)
 ParOldGen       total 86016K, used 14347K [0x0000000082400000, 0x0000000087800000, 0x00000000d6180000)
  object space 86016K, 16% used [0x0000000082400000,0x0000000083202e20,0x0000000087800000)
 Metaspace       used 15899K, capacity 16232K, committed 16384K, reserved 1062912K
  class space    used 1869K, capacity 1990K, committed 2048K, reserved 1048576K
}
Event: 4.978 GC heap before
{Heap before GC invocations=7 (full 0):
 PSYoungGen      total 142336K, used 141192K [0x00000000d6180000, 0x00000000dfb80000, 0x0000000100000000)
  eden space 130048K, 100% used [0x00000000d6180000,0x00000000de080000,0x00000000de080000)
  from space 12288K, 90% used [0x00000000ded80000,0x00000000df862040,0x00000000df980000)
  to   space 13312K, 0% used [0x00000000de080000,0x00000000de080000,0x00000000ded80000)
 ParOldGen       total 86016K, used 14347K [0x0000000082400000, 0x0000000087800000, 0x00000000d6180000)
  object space 86016K, 16% used [0x0000000082400000,0x0000000083202e20,0x0000000087800000)
 Metaspace       used 17670K, capacity 18136K, committed 18304K, reserved 1064960K
  class space    used 2023K, capacity 2136K, committed 2176K, reserved 1048576K
Event: 4.999 GC heap after
Heap after GC invocations=7 (full 0):
 PSYoungGen      total 143360K, used 13280K [0x00000000d6180000, 0x00000000e8480000, 0x0000000100000000)
  eden space 130048K, 0% used [0x00000000d6180000,0x00000000d6180000,0x00000000de080000)
  from space 13312K, 99% used [0x00000000de080000,0x00000000ded78020,0x00000000ded80000)
  to   space 18944K, 0% used [0x00000000e7200000,0x00000000e7200000,0x00000000e8480000)
 ParOldGen       total 86016K, used 22373K [0x0000000082400000, 0x0000000087800000, 0x00000000d6180000)
  object space 86016K, 26% used [0x0000000082400000,0x00000000839d9588,0x0000000087800000)
 Metaspace       used 17670K, capacity 18136K, committed 18304K, reserved 1064960K
  class space    used 2023K, capacity 2136K, committed 2176K, reserved 1048576K
}

Deoptimization events (10 events):
Event: 5.429 Thread 0x0000000002cbd800 Uncommon trap: reason=class_check action=maybe_recompile pc=0x00000000039d0580 method=java.util.Collections$UnmodifiableMap$UnmodifiableEntrySet$UnmodifiableEntry.getKey()Ljava/lang/Object; @ 4
Event: 5.429 Thread 0x0000000002cbd800 Uncommon trap: reason=class_check action=maybe_recompile pc=0x0000000003a00440 method=java.util.Collections$UnmodifiableMap$UnmodifiableEntrySet$UnmodifiableEntry.getValue()Ljava/lang/Object; @ 4
Event: 5.429 Thread 0x0000000002cbd800 Uncommon trap: reason=class_check action=maybe_recompile pc=0x00000000039cc18c method=java.util.Collections$UnmodifiableMap$UnmodifiableEntrySet$1.hasNext()Z @ 4
Event: 5.429 Thread 0x0000000002cbd800 Uncommon trap: reason=class_check action=maybe_recompile pc=0x0000000003a037b0 method=java.util.Collections$UnmodifiableMap$UnmodifiableEntrySet$1.next()Ljava/util/Map$Entry; @ 8
Event: 5.429 Thread 0x0000000002cbd800 Uncommon trap: reason=class_check action=maybe_recompile pc=0x00000000039d0580 method=java.util.Collections$UnmodifiableMap$UnmodifiableEntrySet$UnmodifiableEntry.getKey()Ljava/lang/Object; @ 4
Event: 5.429 Thread 0x0000000002cbd800 Uncommon trap: reason=class_check action=maybe_recompile pc=0x0000000003a00440 method=java.util.Collections$UnmodifiableMap$UnmodifiableEntrySet$UnmodifiableEntry.getValue()Ljava/lang/Object; @ 4
Event: 5.429 Thread 0x0000000002cbd800 Uncommon trap: reason=class_check action=maybe_recompile pc=0x00000000039cc18c method=java.util.Collections$UnmodifiableMap$UnmodifiableEntrySet$1.hasNext()Z @ 4
Event: 5.429 Thread 0x0000000002cbd800 Uncommon trap: reason=class_check action=maybe_recompile pc=0x0000000003a037b0 method=java.util.Collections$UnmodifiableMap$UnmodifiableEntrySet$1.next()Ljava/util/Map$Entry; @ 8
Event: 5.429 Thread 0x0000000002cbd800 Uncommon trap: reason=class_check action=maybe_recompile pc=0x00000000039d0580 method=java.util.Collections$UnmodifiableMap$UnmodifiableEntrySet$UnmodifiableEntry.getKey()Ljava/lang/Object; @ 4
Event: 5.429 Thread 0x0000000002cbd800 Uncommon trap: reason=class_check action=maybe_recompile pc=0x0000000003a00440 method=java.util.Collections$UnmodifiableMap$UnmodifiableEntrySet$UnmodifiableEntry.getValue()Ljava/lang/Object; @ 4

Internal exceptions (10 events):
Event: 2.793 Thread 0x0000000002cbd800 Implicit null exception at 0x00000000039506f7 to 0x0000000003950941
Event: 2.877 Thread 0x0000000002cbd800 Implicit null exception at 0x00000000035e5d55 to 0x00000000035e5f25
Event: 2.877 Thread 0x0000000002cbd800 Implicit null exception at 0x0000000003542a2f to 0x0000000003542a99
Event: 3.116 Thread 0x0000000002cbd800 Implicit null exception at 0x0000000003a42d73 to 0x0000000003a44fbd
Event: 4.322 Thread 0x0000000002cbd800 Implicit null exception at 0x0000000003d1e046 to 0x0000000003d1e6ad
Event: 4.472 Thread 0x0000000002cbd800 Implicit null exception at 0x0000000003b602f4 to 0x0000000003b60745
Event: 4.474 Thread 0x0000000002cbd800 Implicit null exception at 0x0000000003e8def8 to 0x0000000003e8e689
Event: 4.737 Thread 0x0000000002cbd800 Implicit null exception at 0x0000000003e838ba to 0x0000000003e83991
Event: 5.150 Thread 0x000000001c556800 Implicit null exception at 0x00000000039d7749 to 0x00000000039d7815
Event: 5.153 Thread 0x0000000002cbd800 Exception <a 'java/lang/NoSuchMethodError': org.apache.maven.execution.MavenExecutionRequest.getFailureBehavior()Ljava/lang/String;> (0x00000000d72ac600) thrown at [C:\re\workspace\8-2-build-windows-amd64-cygwin\jdk8u60\4407\hotspot\src\share\vm\interpreteOæèY¨W@

Events (10 events):
Event: 5.768 loading class org/apache/maven/plugin/surefire/booterclient/output/InPluginProcessDumpSingleton
Event: 5.768 loading class org/apache/maven/plugin/surefire/booterclient/output/InPluginProcessDumpSingleton done
Event: 5.768 loading class org/apache/maven/plugin/surefire/booterclient/output/InPluginProcessDumpSingleton
Event: 5.768 loading class org/apache/maven/plugin/surefire/booterclient/output/InPluginProcessDumpSingleton done
Event: 5.772 Executing VM operation: RevokeBias
Event: 5.772 Executing VM operation: RevokeBias done
Event: 5.773 loading class java/lang/Throwable$WrappedPrintWriter
Event: 5.773 loading class java/lang/Throwable$PrintStreamOrWriter
Event: 5.773 loading class java/lang/Throwable$PrintStreamOrWriter done
Event: 5.773 loading class java/lang/Throwable$WrappedPrintWriter done


Dynamic libraries:
0x00007ff69c4e0000 - 0x00007ff69c517000 	C:\Program Files\Java\jre1.8.0_60\bin\javaw.exe
0x00007ffd700e0000 - 0x00007ffd702d0000 	C:\WINDOWS\SYSTEM32\ntdll.dll
0x00007ffd6ead0000 - 0x00007ffd6eb82000 	C:\WINDOWS\System32\KERNEL32.DLL
0x00007ffd6da20000 - 0x00007ffd6dcc5000 	C:\WINDOWS\System32\KERNELBASE.dll
0x00007ffd6f6c0000 - 0x00007ffd6f763000 	C:\WINDOWS\System32\ADVAPI32.dll
0x00007ffd6f540000 - 0x00007ffd6f5de000 	C:\WINDOWS\System32\msvcrt.dll
0x00007ffd6f610000 - 0x00007ffd6f6a7000 	C:\WINDOWS\System32\sechost.dll
0x00007ffd6e190000 - 0x00007ffd6e2b0000 	C:\WINDOWS\System32\RPCRT4.dll
0x00007ffd6fdc0000 - 0x00007ffd6ff55000 	C:\WINDOWS\System32\USER32.dll
0x00007ffd6d9f0000 - 0x00007ffd6da11000 	C:\WINDOWS\System32\win32u.dll
0x00007ffd6fd90000 - 0x00007ffd6fdb6000 	C:\WINDOWS\System32\GDI32.dll
0x00007ffd6dfa0000 - 0x00007ffd6e136000 	C:\WINDOWS\System32\gdi32full.dll
0x00007ffd6dd50000 - 0x00007ffd6ddee000 	C:\WINDOWS\System32\msvcp_win.dll
0x00007ffd6dea0000 - 0x00007ffd6df9a000 	C:\WINDOWS\System32\ucrtbase.dll
0x00007ffd5db20000 - 0x00007ffd5dda4000 	C:\WINDOWS\WinSxS\amd64_microsoft.windows.common-controls_6595b64144ccf1df_6.0.18362.1082_none_9e8193e1e45b25c1\COMCTL32.dll
0x00007ffd6eba0000 - 0x00007ffd6eed5000 	C:\WINDOWS\System32\combase.dll
0x00007ffd6dcd0000 - 0x00007ffd6dd50000 	C:\WINDOWS\System32\bcryptPrimitives.dll
0x00007ffd6f5e0000 - 0x00007ffd6f60e000 	C:\WINDOWS\System32\IMM32.DLL
0x0000000051330000 - 0x0000000051402000 	C:\Program Files\Java\jre1.8.0_60\bin\msvcr100.dll
0x0000000051a90000 - 0x0000000052319000 	C:\Program Files\Java\jre1.8.0_60\bin\server\jvm.dll
0x00007ffd6eb90000 - 0x00007ffd6eb98000 	C:\WINDOWS\System32\PSAPI.DLL
0x00007ffd6ab90000 - 0x00007ffd6abb4000 	C:\WINDOWS\SYSTEM32\WINMM.dll
0x00007ffd66c40000 - 0x00007ffd66c4a000 	C:\WINDOWS\SYSTEM32\VERSION.dll
0x00007ffd5f6b0000 - 0x00007ffd5f6b9000 	C:\WINDOWS\SYSTEM32\WSOCK32.dll
0x00007ffd6f8d0000 - 0x00007ffd6f93f000 	C:\WINDOWS\System32\WS2_32.dll
0x00007ffd6a710000 - 0x00007ffd6a73d000 	C:\WINDOWS\SYSTEM32\winmmbase.dll
0x00007ffd6e140000 - 0x00007ffd6e18a000 	C:\WINDOWS\System32\cfgmgr32.dll
0x00000000535a0000 - 0x00000000535af000 	C:\Program Files\Java\jre1.8.0_60\bin\verify.dll
0x0000000053570000 - 0x0000000053599000 	C:\Program Files\Java\jre1.8.0_60\bin\java.dll
0x0000000053520000 - 0x0000000053536000 	C:\Program Files\Java\jre1.8.0_60\bin\zip.dll
0x00007ffd6e2b0000 - 0x00007ffd6e997000 	C:\WINDOWS\System32\SHELL32.dll
0x00007ffd6fce0000 - 0x00007ffd6fd89000 	C:\WINDOWS\System32\shcore.dll
0x00007ffd6d250000 - 0x00007ffd6d9d0000 	C:\WINDOWS\System32\windows.storage.dll
0x00007ffd6cfb0000 - 0x00007ffd6cfd3000 	C:\WINDOWS\System32\profapi.dll
0x00007ffd6cfe0000 - 0x00007ffd6d02a000 	C:\WINDOWS\System32\powrprof.dll
0x00007ffd6cfa0000 - 0x00007ffd6cfb0000 	C:\WINDOWS\System32\UMPDC.dll
0x00007ffd6e9a0000 - 0x00007ffd6e9f2000 	C:\WINDOWS\System32\shlwapi.dll
0x00007ffd6d050000 - 0x00007ffd6d061000 	C:\WINDOWS\System32\kernel.appcore.dll
0x00007ffd6d9d0000 - 0x00007ffd6d9e7000 	C:\WINDOWS\System32\cryptsp.dll
0x00007ffd6c360000 - 0x00007ffd6c393000 	C:\WINDOWS\system32\rsaenh.dll
0x00007ffd6d220000 - 0x00007ffd6d246000 	C:\WINDOWS\System32\bcrypt.dll
0x00007ffd6cec0000 - 0x00007ffd6cee5000 	C:\WINDOWS\SYSTEM32\USERENV.dll
0x00007ffd6c9c0000 - 0x00007ffd6c9cc000 	C:\WINDOWS\SYSTEM32\CRYPTBASE.dll
0x0000000053500000 - 0x000000005351a000 	C:\Program Files\Java\jre1.8.0_60\bin\net.dll
0x00007ffd6c7f0000 - 0x00007ffd6c857000 	C:\WINDOWS\system32\mswsock.dll
0x00007ffd6c500000 - 0x00007ffd6c53a000 	C:\WINDOWS\SYSTEM32\IPHLPAPI.DLL
0x00007ffd6f3d0000 - 0x00007ffd6f3d8000 	C:\WINDOWS\System32\NSI.dll
0x00007ffd64ce0000 - 0x00007ffd64cf6000 	C:\WINDOWS\SYSTEM32\dhcpcsvc6.DLL
0x00007ffd64cc0000 - 0x00007ffd64cdc000 	C:\WINDOWS\SYSTEM32\dhcpcsvc.DLL
0x00007ffd6c540000 - 0x00007ffd6c60b000 	C:\WINDOWS\SYSTEM32\DNSAPI.dll
0x0000000051670000 - 0x0000000051681000 	C:\Program Files\Java\jre1.8.0_60\bin\nio.dll
0x00007ffd689a0000 - 0x00007ffd689aa000 	C:\Users\jiale xu\AppData\Local\Temp\jansi-1.17.1-7452958317120111526.dll
0x00007ffd68980000 - 0x00007ffd6898a000 	C:\Users\jiale xu\AppData\Local\Temp\jansi-1.17.1-5019826313237332534.dll
0x0000000051320000 - 0x000000005132d000 	C:\Program Files\Java\jre1.8.0_60\bin\management.dll
0x00007ffd59980000 - 0x00007ffd59996000 	C:\WINDOWS\system32\napinsp.dll
0x00007ffd58e70000 - 0x00007ffd58e8a000 	C:\WINDOWS\system32\pnrpnsp.dll
0x00007ffd691d0000 - 0x00007ffd691de000 	C:\WINDOWS\System32\winrnr.dll
0x00007ffd692f0000 - 0x00007ffd6930c000 	C:\WINDOWS\system32\NLAapi.dll
0x00007ffd53b10000 - 0x00007ffd53b25000 	C:\WINDOWS\system32\wshbth.dll
0x00007ffd640a0000 - 0x00007ffd640aa000 	C:\Windows\System32\rasadhlp.dll
0x00007ffd63fd0000 - 0x00007ffd64047000 	C:\WINDOWS\System32\fwpuclnt.dll

VM Arguments:
jvm_args: -Dmaven.home=EMBEDDED -Dclassworlds.conf=D:\eclipse\.metadata\.plugins\org.eclipse.m2e.launching\launches\m2conf8916913954510218432.tmp -Dmaven.multiModuleProjectDirectory=D:\eclipseœÓƒø\EduCloud-2.0\EduCloud2.0 -Dfile.encoding=GBK 
java_command: org.codehaus.plexus.classworlds.launcher.Launcher -Ppom.xml -B -s E:\apache-maven-3.6.3\conf\settings.xml install
java_class_path (initial): D:\eclipse\plugins\org.eclipse.m2e.maven.runtime_1.12.0.20190529-1915\jars\plexus-classworlds-2.6.0.jar
Launcher Type: SUN_STANDARD

Environment Variables:
JAVA_HOME=C:\Program Files\Java\jdk1.8.0_60
CLASSPATH=.;C:\Program Files\Java\jdk1.8.0_60\lib;C:\Program Files\Java\jdk1.8.0_60\lib\tools.jar
PATH=C:/Program Files/Java/jre1.8.0_60/bin/server;C:/Program Files/Java/jre1.8.0_60/bin;C:/Program Files/Java/jre1.8.0_60/lib/amd64;C:\ProgramData\Oracle\Java\javapath;D:\app\jiale_xu\product\11.2.0\dbhome_1\bin;C:\Program Files (x86)\Intel\Intel(R) Management Engine Components\iCLS\;C:\Program Files\Intel\Intel(R) Management Engine Components\iCLS\;C:\Windows\system32;C:\Windows;C:\Windows\System32\Wbem;C:\Windows\System32\WindowsPowerShell\v1.0\;C:\Windows\System32\OpenSSH\;C:\Program Files (x86)\NVIDIA Corporation\PhysX\Common;C:\Program Files (x86)\Intel\Intel(R) Management Engine Components\DAL;C:\Program Files\Intel\Intel(R) Management Engine Components\DAL;C:\Program Files (x86)\Intel\Intel(R) Management Engine Components\IPT;C:\Program Files\Intel\Intel(R) Management Engine Components\IPT;C:\Program Files\Intel\WiFi\bin\;C:\Program Files\Common Files\Intel\WirelessCommon\;C:\Program Files\Java\jdk1.8.0_60\bin;C:\Program Files\NVIDIA Corporation\NVIDIA NvDLISR;E:\git\Git\cmd;C:\WINDOWS\system32;C:\WINDOWS;C:\WINDOWS\System32\Wbem;C:\WINDOWS\System32\WindowsPowerShell\v1.0\;C:\WINDOWS\System32\OpenSSH\;E:\mysql\bin;D:\anaconda\Scripts;D:\anaconda;D:\python\Scripts;D:\python;C:\Program Files\dotnet\;C:\Program Files\Microsoft SQL Server\130\Tools\Binn\;C:\Program Files\Microsoft SQL Server\Client SDK\ODBC\170\Tools\Binn\;E:\apache-maven-3.6.3\bin;C:\Program Files\nodejs\;E:\SVN\bin;D:\python\Scripts\;D:\python\;C:\Users\jiale xu\AppData\Local\Microsoft\WindowsApps;D:\anaconda\Scripts;D:\anaconda;D:\python\Scripts;D:\python;E:\git\Git\bin;E:\apache-maven-3.6.3;C:\Users\jiale xu\AppData\Roaming\npm;D:\eclipse;
USERNAME=jiale xu
OS=Windows_NT
PROCESSOR_IDENTIFIER=Intel64 Family 6 Model 158 Stepping 10, GenuineIntel



---------------  S Y S T E M  ---------------

OS: Windows 10.0 , 64 bit Build 18362 (10.0.18362.1082)

CPU:total 8 (4 cores per cpu, 2 threads per core) family 6 model 158 stepping 10, cmov, cx8, fxsr, mmx, sse, sse2, sse3, ssse3, sse4.1, sse4.2, popcnt, avx, avx2, aes, clmul, erms, 3dnowpref, lzcnt, ht, tsc, tscinvbit, bmi1, bmi2, adx

Memory: 4k page, physical 8237028k(799944k free), swap 15495140k(13440k free)

vm_info: Java HotSpot(TM) 64-Bit Server VM (25.60-b23) for windows-amd64 JRE (1.8.0_60-b27), built on Aug  4 2015 11:06:27 by "java_re" with MS VC++ 10.0 (VS2010)

time: Mon Sep 21 19:19:48 2020
elapsed time: 5 seconds (0d 0h 0m 5s)

